<?xml version="1.0" encoding="UTF-8"?>
<testng-results skipped="0" failed="0" ignored="4" total="5" passed="1">
  <reporter-output>
  </reporter-output>
  <suite name="Default suite" duration-ms="20336" started-at="2019-01-16T10:22:13Z" finished-at="2019-01-16T10:22:33Z">
    <groups>
    </groups>
    <test name="Default test" duration-ms="20336" started-at="2019-01-16T10:22:13Z" finished-at="2019-01-16T10:22:33Z">
      <class name="Topic_01.Practise_Java">
        <test-method status="PASS" signature="TC_04_LoginWithPasswordInvalid()[pri:0, instance:Topic_01.Practise_Java@100fc185]" name="TC_04_LoginWithPasswordInvalid" duration-ms="20282" started-at="2019-01-16T10:22:13Z" finished-at="2019-01-16T10:22:33Z">
          <reporter-output>
          </reporter-output>
        </test-method> <!-- TC_04_LoginWithPasswordInvalid -->
      </class> <!-- Topic_01.Practise_Java -->
    </test> <!-- Default test -->
  </suite> <!-- Default suite -->
</testng-results>
