<?xml version="1.0" encoding="UTF-8"?>
<!-- Generated by org.testng.reporters.JUnitXMLReporter -->
<testsuite hostname="Viet-Trinh" ignored="4" name="Default test" tests="1" failures="0" timestamp="16 Jan 2019 10:22:33 GMT" time="20.336" errors="0">
  <testcase name="TC_04_LoginWithPasswordInvalid" time="20.282" classname="Topic_01.Practise_Java"/>
  <testcase name="TC_01_LoginEmpty" time="0.0" classname="Topic_01.Practise_Java">
    <ignored/>
  </testcase> <!-- TC_01_LoginEmpty -->
  <testcase name="TC_05_CreateAnAccount" time="0.0" classname="Topic_01.Practise_Java">
    <ignored/>
  </testcase> <!-- TC_05_CreateAnAccount -->
  <testcase name="TC_02_LoginWithEmailInvalid" time="0.0" classname="Topic_01.Practise_Java">
    <ignored/>
  </testcase> <!-- TC_02_LoginWithEmailInvalid -->
  <testcase name="TC_03_LoginWithPasswordlessthan6characters" time="0.0" classname="Topic_01.Practise_Java">
    <ignored/>
  </testcase> <!-- TC_03_LoginWithPasswordlessthan6characters -->
</testsuite> <!-- Default test -->
